2025-08-24T02:58:04.699Z server01 UserService [ERROR]: Operation started for user 935
2025-08-29T05:09:14.268Z server01 UserService [DEBUG]: Operation pending for user 61
2025-08-25T19:09:02.042Z server01 UserService [ERROR]: Operation pending for user 599
2025-08-23T17:54:16.035Z server01 AuthController [INFO]: Operation started for user 976
2025-08-26T12:36:19.669Z server01 DatabaseConnector [INFO]: Operation failed for user 267
2025-08-26T04:05:45.159Z server01 PaymentGateway [ERROR]: Operation completed for user 546
2025-08-28T19:14:16.013Z server01 PaymentGateway [DEBUG]: Operation failed for user 567
2025-08-29T06:03:25.311Z server01 DatabaseConnector [INFO]: Operation failed for user 662
2025-08-26T18:01:31.947Z server01 AuthController [ERROR]: Operation failed for user 379
2025-08-29T11:10:10.841Z server01 PaymentGateway [DEBUG]: Operation started for user 793
2025-08-24T16:09:28.893Z server01 AuthController [ERROR]: Operation started for user 795
2025-08-23T07:02:06.036Z server01 PaymentGateway [INFO]: Operation failed for user 904
2025-08-28T06:03:04.026Z server01 UserService [ERROR]: Operation pending for user 582
2025-08-28T21:30:13.535Z server01 PaymentGateway [DEBUG]: Operation pending for user 801
2025-08-25T07:34:08.743Z server01 DatabaseConnector [ERROR]: Operation pending for user 212
2025-08-25T17:14:05.879Z server01 AuthController [ERROR]: Operation pending for user 325
2025-08-25T21:56:18.270Z server01 AuthController [ALERT]: Operation pending for user 460
2025-08-23T09:22:33.430Z server01 AuthController [ERROR]: Operation started for user 666
2025-08-24T20:06:03.173Z server01 AuthController [INFO]: Operation failed for user 85
2025-08-22T15:01:21.926Z server01 PaymentGateway [DEBUG]: Operation pending for user 938
2025-08-27T06:45:29.571Z server01 AuthController [ERROR]: Operation completed for user 107
2025-08-27T03:19:46.011Z server01 UserService [ALERT]: Operation started for user 114
2025-08-28T03:12:34.439Z server01 DatabaseConnector [INFO]: Operation completed for user 757
2025-08-28T11:37:17.282Z server01 UserService [ERROR]: Operation pending for user 854
2025-08-28T17:38:04.486Z server01 AuthController [ALERT]: Operation started for user 988
2025-08-27T17:47:58.448Z server01 AuthController [DEBUG]: Operation pending for user 121
2025-08-23T10:08:58.083Z server01 AuthController [DEBUG]: Operation pending for user 789
2025-08-25T16:33:08.772Z server01 AuthController [INFO]: Operation pending for user 626
2025-08-27T04:34:45.999Z server01 DatabaseConnector [INFO]: Operation failed for user 137
2025-08-25T14:22:55.380Z server01 AuthController [ALERT]: Operation pending for user 391
2025-08-25T04:49:33.904Z server01 AuthController [INFO]: Operation started for user 835
2025-08-24T15:54:47.502Z server01 DatabaseConnector [ALERT]: Operation started for user 216
2025-08-27T15:35:55.511Z server01 UserService [ERROR]: Operation started for user 52
2025-08-28T00:47:28.127Z server01 DatabaseConnector [DEBUG]: Operation started for user 874
2025-08-26T19:59:37.031Z server01 PaymentGateway [DEBUG]: Operation completed for user 995
2025-08-24T06:10:33.741Z server01 PaymentGateway [INFO]: Operation started for user 351
2025-08-23T03:15:48.477Z server01 UserService [ALERT]: Operation pending for user 527
2025-08-22T12:24:12.906Z server01 AuthController [DEBUG]: Operation completed for user 708
2025-08-23T09:29:00.730Z server01 UserService [ERROR]: Operation completed for user 329
2025-08-26T06:09:59.863Z server01 UserService [ERROR]: Operation started for user 735
2025-08-29T01:59:05.437Z server01 AuthController [INFO]: Operation pending for user 439
2025-08-27T04:45:31.364Z server01 UserService [ALERT]: Operation failed for user 529
2025-08-24T19:29:55.133Z server01 DatabaseConnector [ERROR]: Operation completed for user 606
2025-08-22T15:00:51.362Z server01 DatabaseConnector [INFO]: Operation failed for user 867
2025-08-28T05:25:07.038Z server01 UserService [INFO]: Operation started for user 544
2025-08-25T08:23:17.827Z server01 DatabaseConnector [DEBUG]: Operation started for user 348
2025-08-24T05:43:09.188Z server01 AuthController [DEBUG]: Operation started for user 637
2025-08-26T01:46:54.901Z server01 UserService [ERROR]: Operation failed for user 148
2025-08-24T01:43:48.883Z server01 UserService [INFO]: Operation completed for user 389
2025-08-22T19:57:06.262Z server01 UserService [ERROR]: Operation started for user 737
2025-08-24T11:35:37.693Z server01 AuthController [ALERT]: Operation pending for user 724
2025-08-23T12:44:12.214Z server01 PaymentGateway [ERROR]: Operation started for user 947
2025-08-26T06:34:14.721Z server01 DatabaseConnector [INFO]: Operation pending for user 431
2025-08-22T19:38:05.545Z server01 DatabaseConnector [ERROR]: Operation started for user 784
2025-08-26T17:48:14.366Z server01 DatabaseConnector [ALERT]: Operation failed for user 951
2025-08-24T23:07:49.079Z server01 PaymentGateway [INFO]: Operation started for user 936
2025-08-27T14:12:39.630Z server01 PaymentGateway [DEBUG]: Operation completed for user 451
2025-08-24T16:44:04.157Z server01 PaymentGateway [ALERT]: Operation pending for user 870
2025-08-26T12:33:14.995Z server01 PaymentGateway [DEBUG]: Operation completed for user 730
2025-08-25T13:18:31.060Z server01 UserService [ERROR]: Operation started for user 271
2025-08-22T14:46:04.228Z server01 UserService [ERROR]: Operation pending for user 222
2025-08-28T23:11:23.499Z server01 UserService [ERROR]: Operation started for user 526
2025-08-24T13:35:25.903Z server01 UserService [DEBUG]: Operation started for user 453
2025-08-27T01:59:10.245Z server01 AuthController [ERROR]: Operation completed for user 119
2025-08-27T17:04:59.803Z server01 UserService [ERROR]: Operation failed for user 453
2025-08-24T06:58:29.094Z server01 PaymentGateway [DEBUG]: Operation started for user 836
2025-08-29T06:59:19.116Z server01 AuthController [ALERT]: Operation started for user 95
2025-08-25T07:26:37.661Z server01 PaymentGateway [ALERT]: Operation completed for user 175
2025-08-23T19:10:15.912Z server01 DatabaseConnector [ALERT]: Operation failed for user 247
2025-08-26T15:09:37.834Z server01 AuthController [ALERT]: Operation started for user 899
2025-08-24T01:40:01.061Z server01 AuthController [INFO]: Operation completed for user 424
2025-08-28T16:11:03.293Z server01 DatabaseConnector [ALERT]: Operation started for user 681
2025-08-25T01:27:20.167Z server01 UserService [ALERT]: Operation failed for user 720
2025-08-25T09:11:31.995Z server01 DatabaseConnector [DEBUG]: Operation pending for user 42
2025-08-29T10:49:30.713Z server01 PaymentGateway [ERROR]: Operation completed for user 113
2025-08-29T08:59:27.761Z server01 AuthController [DEBUG]: Operation pending for user 959
2025-08-28T17:55:54.561Z server01 UserService [ERROR]: Operation pending for user 939
2025-08-28T10:18:12.805Z server01 DatabaseConnector [DEBUG]: Operation completed for user 470
2025-08-24T22:05:23.978Z server01 DatabaseConnector [DEBUG]: Operation pending for user 258
2025-08-23T17:20:04.652Z server01 PaymentGateway [ERROR]: Operation started for user 656
2025-08-27T10:45:14.672Z server01 UserService [DEBUG]: Operation completed for user 918
2025-08-28T14:02:05.363Z server01 DatabaseConnector [ERROR]: Operation started for user 149
2025-08-28T09:21:54.130Z server01 PaymentGateway [DEBUG]: Operation completed for user 343
2025-08-27T16:36:00.458Z server01 PaymentGateway [INFO]: Operation failed for user 797
2025-08-26T23:12:21.756Z server01 DatabaseConnector [ERROR]: Operation failed for user 233
2025-08-27T19:40:13.530Z server01 UserService [DEBUG]: Operation failed for user 15
2025-08-22T12:44:08.003Z server01 DatabaseConnector [INFO]: Operation pending for user 752
2025-08-29T08:16:01.865Z server01 UserService [ERROR]: Operation failed for user 5
2025-08-28T17:30:37.608Z server01 UserService [ALERT]: Operation started for user 211
2025-08-26T14:04:39.015Z server01 PaymentGateway [DEBUG]: Operation pending for user 809
2025-08-25T10:08:42.389Z server01 DatabaseConnector [DEBUG]: Operation failed for user 282
2025-08-28T20:39:24.764Z server01 UserService [INFO]: Operation failed for user 184
2025-08-29T11:17:04.247Z server01 AuthController [ALERT]: Operation completed for user 952
2025-08-26T00:39:21.558Z server01 AuthController [ALERT]: Operation started for user 528
2025-08-22T22:12:27.047Z server01 AuthController [ALERT]: Operation completed for user 242
2025-08-25T20:59:22.395Z server01 UserService [ERROR]: Operation failed for user 422
2025-08-26T00:06:25.144Z server01 UserService [INFO]: Operation completed for user 453
2025-08-23T17:16:16.291Z server01 AuthController [DEBUG]: Operation completed for user 757
2025-08-29T08:11:28.414Z server01 PaymentGateway [ALERT]: Operation failed for user 388
2025-08-26T14:20:38.670Z server01 DatabaseConnector [DEBUG]: Operation failed for user 838